Using pre-set license
Built from '2020.3/staging' branch; Version is '2020.3.22f1 (e1a7f79fd887) revision 14788599'; Using compiler version '192528614'; Build Type 'Release'
OS: 'Windows 10 Pro; OS build 19043.1288; Version 2009; 64bit' Language: 'en' Physical Memory: 32686 MB
BatchMode: 1, IsHumanControllingUs: 0, StartBugReporterOnCrash: 0, Is64bit: 1, IsPro: 0

COMMAND LINE ARGUMENTS:
F:\unity\2020.3.22f1\Editor\Unity.exe
-adb2
-batchMode
-noUpm
-name
AssetImportWorker0
-projectPath
F:/github-clones/HunterGatherer
-logFile
Logs/AssetImportWorker0.log
-srvPort
54506
Successfully changed project path to: F:/github-clones/HunterGatherer
F:/github-clones/HunterGatherer
Using Asset Import Pipeline V2.
Refreshing native plugins compatible for Editor in 69.07 ms, found 1 plugins.
Preloading 0 native plugins for Editor in 0.00 ms.
Initialize engine version: 2020.3.22f1 (e1a7f79fd887)
[Subsystems] Discovering subsystems at path F:/unity/2020.3.22f1/Editor/Data/Resources/UnitySubsystems
[Subsystems] Discovering subsystems at path F:/github-clones/HunterGatherer/Assets
GfxDevice: creating device client; threaded=0
Direct3D:
    Version:  Direct3D 11.0 [level 11.1]
    Renderer: NVIDIA GeForce RTX 2060 (ID=0x1e89)
    Vendor:   
    VRAM:     5967 MB
    Driver:   30.0.14.9613
Initialize mono
Mono path[0] = 'F:/unity/2020.3.22f1/Editor/Data/Managed'
Mono path[1] = 'F:/unity/2020.3.22f1/Editor/Data/MonoBleedingEdge/lib/mono/unityjit'
Mono config path = 'F:/unity/2020.3.22f1/Editor/Data/MonoBleedingEdge/etc'
Using monoOptions --debugger-agent=transport=dt_socket,embedding=1,server=y,suspend=n,address=127.0.0.1:56648
Begin MonoManager ReloadAssembly
Registering precompiled unity dll's ...
Register platform support module: F:/unity/2020.3.22f1/Editor/Data/PlaybackEngines/WebGLSupport/UnityEditor.WebGL.Extensions.dll
Register platform support module: F:/unity/2020.3.22f1/Editor/Data/PlaybackEngines/WindowsStandaloneSupport/UnityEditor.WindowsStandalone.Extensions.dll
Registered in 0.001797 seconds.
Native extension for WindowsStandalone target not found
Native extension for WebGL target not found
Refreshing native plugins compatible for Editor in 72.26 ms, found 1 plugins.
Preloading 0 native plugins for Editor in 0.00 ms.
Mono: successfully reloaded assembly
- Completed reload, in  1.417 seconds
Domain Reload Profiling:
	ReloadAssembly (1417ms)
		BeginReloadAssembly (70ms)
			ExecutionOrderSort (0ms)
			DisableScriptedObjects (0ms)
			BackupInstance (0ms)
			ReleaseScriptingObjects (0ms)
			CreateAndSetChildDomain (1ms)
		EndReloadAssembly (625ms)
			LoadAssemblies (69ms)
			RebuildTransferFunctionScriptingTraits (0ms)
			SetupTypeCache (200ms)
			ReleaseScriptCaches (0ms)
			RebuildScriptCaches (44ms)
			SetupLoadedEditorAssemblies (253ms)
				LogAssemblyErrors (0ms)
				InitializePlatformSupportModulesInManaged (6ms)
				SetLoadedEditorAssemblies (0ms)
				RefreshPlugins (72ms)
				BeforeProcessingInitializeOnLoad (18ms)
				ProcessInitializeOnLoadAttributes (113ms)
				ProcessInitializeOnLoadMethodAttributes (43ms)
				AfterProcessingInitializeOnLoad (0ms)
				EditorAssembliesLoaded (0ms)
			ExecutionOrderSort2 (0ms)
			AwakeInstancesAfterBackupRestoration (0ms)
Platform modules already initialized, skipping
Registering precompiled user dll's ...
Registered in 0.001649 seconds.
Begin MonoManager ReloadAssembly
Native extension for WindowsStandalone target not found
Native extension for WebGL target not found
Refreshing native plugins compatible for Editor in 71.34 ms, found 1 plugins.
Preloading 0 native plugins for Editor in 0.00 ms.
Mono: successfully reloaded assembly
- Completed reload, in  1.339 seconds
Domain Reload Profiling:
	ReloadAssembly (1340ms)
		BeginReloadAssembly (202ms)
			ExecutionOrderSort (0ms)
			DisableScriptedObjects (7ms)
			BackupInstance (0ms)
			ReleaseScriptingObjects (0ms)
			CreateAndSetChildDomain (26ms)
		EndReloadAssembly (1060ms)
			LoadAssemblies (120ms)
			RebuildTransferFunctionScriptingTraits (0ms)
			SetupTypeCache (341ms)
			ReleaseScriptCaches (1ms)
			RebuildScriptCaches (77ms)
			SetupLoadedEditorAssemblies (354ms)
				LogAssemblyErrors (0ms)
				InitializePlatformSupportModulesInManaged (6ms)
				SetLoadedEditorAssemblies (0ms)
				RefreshPlugins (71ms)
				BeforeProcessingInitializeOnLoad (107ms)
				ProcessInitializeOnLoadAttributes (149ms)
				ProcessInitializeOnLoadMethodAttributes (17ms)
				AfterProcessingInitializeOnLoad (4ms)
				EditorAssembliesLoaded (0ms)
			ExecutionOrderSort2 (0ms)
			AwakeInstancesAfterBackupRestoration (10ms)
Platform modules already initialized, skipping
========================================================================
Worker process is ready to serve import requests
Launched and connected shader compiler UnityShaderCompiler.exe after 0.10 seconds
Refreshing native plugins compatible for Editor in 0.66 ms, found 1 plugins.
Preloading 0 native plugins for Editor in 0.00 ms.
Unloading 2752 Unused Serialized files (Serialized files now loaded: 0)
System memory in use before: 122.8 MB.
System memory in use after: 123.0 MB.

Unloading 18 unused Assets to reduce memory usage. Loaded Objects now: 3196.
Total: 3.460600 ms (FindLiveObjects: 0.301900 ms CreateObjectMapping: 0.140800 ms MarkObjects: 2.925700 ms  DeleteObjects: 0.090700 ms)

AssetImportParameters requested are different than current active one (requested -> active):
  custom:framework-win-MediaFoundation: 216162199b28c13a410421893ffa2e32 -> 
  custom:video-decoder-ogg-theora: a1e56fd34408186e4bbccfd4996cb3dc -> 
  custom:container-muxer-webm: aa71ff27fc2769a1b78a27578f13a17b -> 
  custom:container-demuxer-webm: 4f35f7cbe854078d1ac9338744f61a02 -> 
  custom:container-demuxer-ogg: 62fdf1f143b41e24485cea50d1cbac27 -> 
  custom:video-encoder-webm-vp8: eb34c28f22e8b96e1ab97ce403110664 -> 
  custom:video-codec-MediaFoundation-h265: 746d11721c4dcdbdad8f713fa42b33f4 -> 
  custom:video-decoder-webm-vp8: 9c59270c3fd7afecdb556c50c9e8de78 -> 
  custom:audio-decoder-ogg-vorbis: bf7c407c2cedff20999df2af8eb42d56 -> 
  custom:audio-encoder-webm-vorbis: bf7c407c2cedff20999df2af8eb42d56 -> 
========================================================================
Received Import Request.
  path: Assets/URP
  artifactKey: Guid(270047d66631f7d4ea08ff543245a5d1) Importer(815301076,1909f56bfc062723c751e8b465ee728b)
Start importing Assets/URP using Guid(270047d66631f7d4ea08ff543245a5d1) Importer(815301076,1909f56bfc062723c751e8b465ee728b)  -> (artifact id: 'cc385829807741aef03f7a01bbc51514') in 0.015665 seconds 
  Import took 0.020498 seconds .

========================================================================
Received Import Request.
  Time since last request: 38.259904 seconds.
  path: Assets/URP/UniversalRenderPipelineAsset_Renderer.asset
  artifactKey: Guid(b3fc6282da2a9dc4e893f53e1f7de8ba) Importer(815301076,1909f56bfc062723c751e8b465ee728b)
Start importing Assets/URP/UniversalRenderPipelineAsset_Renderer.asset using Guid(b3fc6282da2a9dc4e893f53e1f7de8ba) Importer(815301076,1909f56bfc062723c751e8b465ee728b)  -> (artifact id: '1466c0650c7749d8ed6faba3f367b5da') in 0.092220 seconds 
  Import took 0.098251 seconds .

========================================================================
Received Import Request.
  Time since last request: 24.914709 seconds.
  path: Assets/URP/2DRendererData.asset
  artifactKey: Guid(6ec4295080b65724ea92c283a71131db) Importer(815301076,1909f56bfc062723c751e8b465ee728b)
Start importing Assets/URP/2DRendererData.asset using Guid(6ec4295080b65724ea92c283a71131db) Importer(815301076,1909f56bfc062723c751e8b465ee728b)  -> (artifact id: 'e48780399d546cb57566ba1e9868f306') in 0.048744 seconds 
  Import took 0.054869 seconds .

========================================================================
Received Import Request.
  Time since last request: 6.705554 seconds.
  path: Assets/URP/UniversalRenderPipelineAsset.asset
  artifactKey: Guid(b982a88b03ae590418cbbe75d984f023) Importer(815301076,1909f56bfc062723c751e8b465ee728b)
Start importing Assets/URP/UniversalRenderPipelineAsset.asset using Guid(b982a88b03ae590418cbbe75d984f023) Importer(815301076,1909f56bfc062723c751e8b465ee728b)  -> (artifact id: 'fa4aa0801fa3eececcdc72eaa1e265f7') in 0.029362 seconds 
  Import took 0.035234 seconds .

========================================================================
Received Prepare
Switching render pipeline 00000000000000000000000000000000 -> b982a88b03ae590418cbbe75d984f023
Refreshing native plugins compatible for Editor in 2.17 ms, found 1 plugins.
Preloading 0 native plugins for Editor in 0.00 ms.
Unloading 53 Unused Serialized files (Serialized files now loaded: 0)
System memory in use before: 68.2 MB.
System memory in use after: 68.4 MB.

Unloading 5 unused Assets to reduce memory usage. Loaded Objects now: 3244.
Total: 4.237300 ms (FindLiveObjects: 0.327300 ms CreateObjectMapping: 0.156000 ms MarkObjects: 3.733900 ms  DeleteObjects: 0.018700 ms)

AssetImportParameters requested are different than current active one (requested -> active):
  custom:framework-win-MediaFoundation: 216162199b28c13a410421893ffa2e32 -> 
  custom:video-decoder-ogg-theora: a1e56fd34408186e4bbccfd4996cb3dc -> 
  custom:container-muxer-webm: aa71ff27fc2769a1b78a27578f13a17b -> 
  custom:container-demuxer-webm: 4f35f7cbe854078d1ac9338744f61a02 -> 
  custom:container-demuxer-ogg: 62fdf1f143b41e24485cea50d1cbac27 -> 
  custom:video-encoder-webm-vp8: eb34c28f22e8b96e1ab97ce403110664 -> 
  custom:video-codec-MediaFoundation-h265: 746d11721c4dcdbdad8f713fa42b33f4 -> 
  custom:video-decoder-webm-vp8: 9c59270c3fd7afecdb556c50c9e8de78 -> 
  custom:audio-decoder-ogg-vorbis: bf7c407c2cedff20999df2af8eb42d56 -> 
  custom:audio-encoder-webm-vorbis: bf7c407c2cedff20999df2af8eb42d56 -> 
========================================================================
Received Import Request.
  Time since last request: 211.354088 seconds.
  path: Assets/URP/2DRendererData.asset
  artifactKey: Guid(6ec4295080b65724ea92c283a71131db) Importer(815301076,1909f56bfc062723c751e8b465ee728b)
Start importing Assets/URP/2DRendererData.asset using Guid(6ec4295080b65724ea92c283a71131db) Importer(815301076,1909f56bfc062723c751e8b465ee728b)  -> (artifact id: '97dba7cd7421834bf46a8006aa04cbc4') in 0.016816 seconds 
  Import took 0.023697 seconds .

========================================================================
Received Import Request.
  Time since last request: 13.854779 seconds.
  path: Assets/URP/UniversalRenderPipelineAsset.asset
  artifactKey: Guid(b982a88b03ae590418cbbe75d984f023) Importer(815301076,1909f56bfc062723c751e8b465ee728b)
Start importing Assets/URP/UniversalRenderPipelineAsset.asset using Guid(b982a88b03ae590418cbbe75d984f023) Importer(815301076,1909f56bfc062723c751e8b465ee728b)  -> (artifact id: '99e1d36bd665d7f371171a1059d46c32') in 0.005271 seconds 
  Import took 0.011159 seconds .

========================================================================
Received Import Request.
  Time since last request: 6.236477 seconds.
  path: Assets/URP/UniversalRenderPipelineAsset_Renderer.asset
  artifactKey: Guid(b3fc6282da2a9dc4e893f53e1f7de8ba) Importer(815301076,1909f56bfc062723c751e8b465ee728b)
Start importing Assets/URP/UniversalRenderPipelineAsset_Renderer.asset using Guid(b3fc6282da2a9dc4e893f53e1f7de8ba) Importer(815301076,1909f56bfc062723c751e8b465ee728b)  -> (artifact id: '820ab74c2d808b283bb025cdab74095f') in 0.005627 seconds 
  Import took 0.011600 seconds .

========================================================================
Received Prepare
Refreshing native plugins compatible for Editor in 2.12 ms, found 1 plugins.
Preloading 0 native plugins for Editor in 0.00 ms.
Unloading 9 Unused Serialized files (Serialized files now loaded: 0)
System memory in use before: 66.8 MB.
System memory in use after: 67.0 MB.

Unloading 5 unused Assets to reduce memory usage. Loaded Objects now: 3248.
Total: 4.176700 ms (FindLiveObjects: 0.323400 ms CreateObjectMapping: 0.134200 ms MarkObjects: 3.686800 ms  DeleteObjects: 0.030800 ms)

AssetImportParameters requested are different than current active one (requested -> active):
  custom:framework-win-MediaFoundation: 216162199b28c13a410421893ffa2e32 -> 
  custom:video-decoder-ogg-theora: a1e56fd34408186e4bbccfd4996cb3dc -> 
  custom:container-muxer-webm: aa71ff27fc2769a1b78a27578f13a17b -> 
  custom:container-demuxer-webm: 4f35f7cbe854078d1ac9338744f61a02 -> 
  custom:container-demuxer-ogg: 62fdf1f143b41e24485cea50d1cbac27 -> 
  custom:video-encoder-webm-vp8: eb34c28f22e8b96e1ab97ce403110664 -> 
  custom:video-codec-MediaFoundation-h265: 746d11721c4dcdbdad8f713fa42b33f4 -> 
  custom:video-decoder-webm-vp8: 9c59270c3fd7afecdb556c50c9e8de78 -> 
  custom:audio-decoder-ogg-vorbis: bf7c407c2cedff20999df2af8eb42d56 -> 
  custom:audio-encoder-webm-vorbis: bf7c407c2cedff20999df2af8eb42d56 -> 
========================================================================
Received Import Request.
  Time since last request: 11.772947 seconds.
  path: Assets/URP/UniversalRenderPipelineAsset.asset
  artifactKey: Guid(b982a88b03ae590418cbbe75d984f023) Importer(815301076,1909f56bfc062723c751e8b465ee728b)
Start importing Assets/URP/UniversalRenderPipelineAsset.asset using Guid(b982a88b03ae590418cbbe75d984f023) Importer(815301076,1909f56bfc062723c751e8b465ee728b)  -> (artifact id: '95f0df200481fad7da644667c37159ff') in 0.006598 seconds 
  Import took 0.011439 seconds .

========================================================================
Received Import Request.
  Time since last request: 17.236297 seconds.
  path: Assets
  artifactKey: Guid(00000000000000001000000000000000) Importer(815301076,1909f56bfc062723c751e8b465ee728b)
Start importing Assets using Guid(00000000000000001000000000000000) Importer(815301076,1909f56bfc062723c751e8b465ee728b)  -> (artifact id: '42d402b061de3733987d63b9cc3b64de') in 0.010196 seconds 
  Import took 0.015372 seconds .

========================================================================
Received Import Request.
  Time since last request: 149.993871 seconds.
  path: Assets/Scripts
  artifactKey: Guid(52cebbe5b451979448cc1606d0ec9b60) Importer(815301076,1909f56bfc062723c751e8b465ee728b)
Start importing Assets/Scripts using Guid(52cebbe5b451979448cc1606d0ec9b60) Importer(815301076,1909f56bfc062723c751e8b465ee728b)  -> (artifact id: '91c4340318e87936dfb219a18cbf7c42') in 0.010161 seconds 
  Import took 0.016934 seconds .

========================================================================
Received Import Request.
  Time since last request: 86.111162 seconds.
  path: Assets/Scripts/GridGenerator.cs
  artifactKey: Guid(a07ae7ae69114024984c12f9b3170ceb) Importer(815301076,1909f56bfc062723c751e8b465ee728b)
Start importing Assets/Scripts/GridGenerator.cs using Guid(a07ae7ae69114024984c12f9b3170ceb) Importer(815301076,1909f56bfc062723c751e8b465ee728b)  -> (artifact id: '8ab887aeaeb9d6bbca3628d8bdef84b3') in 0.030306 seconds 
  Import took 0.035954 seconds .

========================================================================
Received Prepare
Registering precompiled user dll's ...
Registered in 0.001675 seconds.
Begin MonoManager ReloadAssembly
Native extension for WindowsStandalone target not found
Native extension for WebGL target not found
Refreshing native plugins compatible for Editor in 0.67 ms, found 1 plugins.
Preloading 0 native plugins for Editor in 0.00 ms.
Mono: successfully reloaded assembly
- Completed reload, in  1.202 seconds
Domain Reload Profiling:
	ReloadAssembly (1202ms)
		BeginReloadAssembly (140ms)
			ExecutionOrderSort (0ms)
			DisableScriptedObjects (10ms)
			BackupInstance (0ms)
			ReleaseScriptingObjects (0ms)
			CreateAndSetChildDomain (39ms)
		EndReloadAssembly (974ms)
			LoadAssemblies (118ms)
			RebuildTransferFunctionScriptingTraits (0ms)
			SetupTypeCache (325ms)
			ReleaseScriptCaches (1ms)
			RebuildScriptCaches (67ms)
			SetupLoadedEditorAssemblies (298ms)
				LogAssemblyErrors (0ms)
				InitializePlatformSupportModulesInManaged (6ms)
				SetLoadedEditorAssemblies (1ms)
				RefreshPlugins (1ms)
				BeforeProcessingInitializeOnLoad (126ms)
				ProcessInitializeOnLoadAttributes (151ms)
				ProcessInitializeOnLoadMethodAttributes (9ms)
				AfterProcessingInitializeOnLoad (4ms)
				EditorAssembliesLoaded (0ms)
			ExecutionOrderSort2 (0ms)
			AwakeInstancesAfterBackupRestoration (20ms)
Platform modules already initialized, skipping
Refreshing native plugins compatible for Editor in 0.68 ms, found 1 plugins.
Preloading 0 native plugins for Editor in 0.00 ms.
Unloading 2688 Unused Serialized files (Serialized files now loaded: 0)
System memory in use before: 119.9 MB.
System memory in use after: 120.1 MB.

Unloading 7 unused Assets to reduce memory usage. Loaded Objects now: 3252.
Total: 3.699800 ms (FindLiveObjects: 0.308700 ms CreateObjectMapping: 0.128300 ms MarkObjects: 3.236600 ms  DeleteObjects: 0.024700 ms)

AssetImportParameters requested are different than current active one (requested -> active):
  custom:framework-win-MediaFoundation: 216162199b28c13a410421893ffa2e32 -> 
  custom:video-decoder-ogg-theora: a1e56fd34408186e4bbccfd4996cb3dc -> 
  custom:container-muxer-webm: aa71ff27fc2769a1b78a27578f13a17b -> 
  custom:container-demuxer-webm: 4f35f7cbe854078d1ac9338744f61a02 -> 
  custom:container-demuxer-ogg: 62fdf1f143b41e24485cea50d1cbac27 -> 
  custom:video-encoder-webm-vp8: eb34c28f22e8b96e1ab97ce403110664 -> 
  custom:video-codec-MediaFoundation-h265: 746d11721c4dcdbdad8f713fa42b33f4 -> 
  custom:video-decoder-webm-vp8: 9c59270c3fd7afecdb556c50c9e8de78 -> 
  custom:audio-decoder-ogg-vorbis: bf7c407c2cedff20999df2af8eb42d56 -> 
  custom:audio-encoder-webm-vorbis: bf7c407c2cedff20999df2af8eb42d56 -> 
========================================================================
Received Prepare
Registering precompiled user dll's ...
Registered in 0.001815 seconds.
Begin MonoManager ReloadAssembly
Native extension for WindowsStandalone target not found
Native extension for WebGL target not found
Refreshing native plugins compatible for Editor in 74.86 ms, found 1 plugins.
Preloading 0 native plugins for Editor in 0.00 ms.
Mono: successfully reloaded assembly
- Completed reload, in  1.076 seconds
Domain Reload Profiling:
	ReloadAssembly (1077ms)
		BeginReloadAssembly (133ms)
			ExecutionOrderSort (0ms)
			DisableScriptedObjects (10ms)
			BackupInstance (0ms)
			ReleaseScriptingObjects (0ms)
			CreateAndSetChildDomain (37ms)
		EndReloadAssembly (866ms)
			LoadAssemblies (105ms)
			RebuildTransferFunctionScriptingTraits (0ms)
			SetupTypeCache (220ms)
			ReleaseScriptCaches (2ms)
			RebuildScriptCaches (44ms)
			SetupLoadedEditorAssemblies (300ms)
				LogAssemblyErrors (0ms)
				InitializePlatformSupportModulesInManaged (6ms)
				SetLoadedEditorAssemblies (0ms)
				RefreshPlugins (75ms)
				BeforeProcessingInitializeOnLoad (90ms)
				ProcessInitializeOnLoadAttributes (118ms)
				ProcessInitializeOnLoadMethodAttributes (6ms)
				AfterProcessingInitializeOnLoad (4ms)
				EditorAssembliesLoaded (0ms)
			ExecutionOrderSort2 (0ms)
			AwakeInstancesAfterBackupRestoration (14ms)
Platform modules already initialized, skipping
Refreshing native plugins compatible for Editor in 0.76 ms, found 1 plugins.
Preloading 0 native plugins for Editor in 0.00 ms.
Unloading 2983 Unused Serialized files (Serialized files now loaded: 0)
System memory in use before: 128.5 MB.
System memory in use after: 128.7 MB.

Unloading 57 unused Assets to reduce memory usage. Loaded Objects now: 3496.
Total: 5.011200 ms (FindLiveObjects: 0.403200 ms CreateObjectMapping: 0.172000 ms MarkObjects: 3.225800 ms  DeleteObjects: 1.208400 ms)

AssetImportParameters requested are different than current active one (requested -> active):
  custom:framework-win-MediaFoundation: 216162199b28c13a410421893ffa2e32 -> 
  custom:video-decoder-ogg-theora: a1e56fd34408186e4bbccfd4996cb3dc -> 
  custom:container-muxer-webm: aa71ff27fc2769a1b78a27578f13a17b -> 
  custom:container-demuxer-webm: 4f35f7cbe854078d1ac9338744f61a02 -> 
  custom:container-demuxer-ogg: 62fdf1f143b41e24485cea50d1cbac27 -> 
  custom:srp/default-shader: 0000e00a000e0de00000e000e02d0000 -> 00a0da0d000000000000000000000000
  custom:video-encoder-webm-vp8: eb34c28f22e8b96e1ab97ce403110664 -> 
  custom:video-codec-MediaFoundation-h265: 746d11721c4dcdbdad8f713fa42b33f4 -> 
  custom:video-decoder-webm-vp8: 9c59270c3fd7afecdb556c50c9e8de78 -> 
  custom:audio-decoder-ogg-vorbis: bf7c407c2cedff20999df2af8eb42d56 -> 
  custom:audio-encoder-webm-vorbis: bf7c407c2cedff20999df2af8eb42d56 -> 
AssetImportWorkerClient::OnTransportError - code=2 error=End of file
